[?1h=[?25l[H[2J(B[mtop - 02:57:16 up 12 min,  1 user,  load average: 0.00, 0.02, 0.04(B[m[39;49m(B[m[39;49m[K
Tasks:(B[m[39;49m[1m  94 (B[m[39;49mtotal,(B[m[39;49m[1m   1 (B[m[39;49mrunning,(B[m[39;49m[1m  53 (B[m[39;49msleeping,(B[m[39;49m[1m   0 (B[m[39;49mstopped,(B[m[39;49m[1m   0 (B[m[39;49mzomb(B[m[39;49m(B[m[39;49m[K
%Cpu(s):(B[m[39;49m[1m  5.2 (B[m[39;49mus,(B[m[39;49m[1m  2.2 (B[m[39;49msy,(B[m[39;49m[1m  2.0 (B[m[39;49mni,(B[m[39;49m[1m 88.6 (B[m[39;49mid,(B[m[39;49m[1m  0.6 (B[m[39;49mwa,(B[m[39;49m[1m  0.0 (B[m[39;49mhi,(B[m[39;49m[1m  0.(B[m[39;49m(B[m[39;49m[K
KiB Mem :(B[m[39;49m[1m  1002108 (B[m[39;49mtotal,(B[m[39;49m[1m   232808 (B[m[39;49mfree,(B[m[39;49m[1m   119428 (B[m[39;49mused,(B[m[39;49m[1m   649872 (B[m[39;49mb(B[m[39;49m(B[m[39;49m[K
KiB Swap:(B[m[39;49m[1m        0 (B[m[39;49mtotal,(B[m[39;49m[1m        0 (B[m[39;49mfree,(B[m[39;49m[1m        0 (B[m[39;49mused.(B[m[39;49m[1m   712460 (B[m[39;49ma(B[m[39;49m(B[m[39;49m[K
[K
[7m  PID USER      PR  NI    VIRT    RES    SHR S %CPU %MEM (B[m[39;49m[K
(B[m    1 root      20   0  159696   8816   6620 S  0.0  0.9 (B[m[39;49m[K
(B[m    2 root      20   0       0      0      0 S  0.0  0.0 (B[m[39;49m[K
(B[m    3 root       0 -20       0      0      0 I  0.0  0.0 (B[m[39;49m[K
(B[m    4 root       0 -20       0      0      0 I  0.0  0.0 (B[m[39;49m[K
(B[m    6 root       0 -20       0      0      0 I  0.0  0.0 (B[m[39;49m[K
(B[m    7 root      20   0       0      0      0 I  0.0  0.0 (B[m[39;49m[K
(B[m    8 root      20   0       0      0      0 I  0.0  0.0 (B[m[39;49m[K
(B[m    9 root       0 -20       0      0      0 I  0.0  0.0 (B[m[39;49m[K
(B[m   10 root      20   0       0      0      0 S  0.0  0.0 (B[m[39;49m[K
(B[m   11 root      20   0       0      0      0 I  0.0  0.0 (B[m[39;49m[K
(B[m   12 root      rt   0       0      0      0 S  0.0  0.0 (B[m[39;49m[K
(B[m   13 root      20   0       0      0      0 S  0.0  0.0 (B[m[39;49m[K
(B[m   14 root      20   0       0      0      0 S  0.0  0.0 (B[m[39;49m[K
(B[m   15 root       0 -20       0      0      0 I  0.0  0.0 (B[m[39;49m[K
(B[m   16 root      20   0       0      0      0 S  0.0  0.0 (B[m[39;49m[K
(B[m   17 root      20   0       0      0      0 S  0.0  0.0 (B[m[39;49m[K
(B[m   18 root      20   0       0      0      0 S  0.0  0.0 (B[m[39;49m[K
(B[m   19 root      20   0       0      0      0 S  0.0  0.0 (B[m[39;49m[K
(B[m   20 root      20   0       0      0      0 S  0.0  0.0 (B[m[39;49m[K
(B[m   21 root      20   0       0      0      0 S  0.0  0.0 (B[m[39;49m[K
(B[m   22 root       0 -20       0      0      0 I  0.0  0.0 (B[m[39;49m[K
(B[m   23 root      20   0       0      0      0 S  0.0  0.0 (B[m[39;49m[K
(B[m   24 root      25   5       0      0      0 S  0.0  0.0 (B[m[39;49m[K
(B[m   25 root      39  19       0      0      0 S  0.0  0.0 (B[m[39;49m[K
(B[m   71 root       0 -20       0      0      0 I  0.0  0.0 (B[m[39;49m[K
(B[m   72 root       0 -20       0      0      0 I  0.0  0.0 (B[m[39;49m[K
(B[m   73 root       0 -20       0      0      0 I  0.0  0.0 (B[m[39;49m[K
(B[m   74 root       0 -20       0      0      0 I  0.0  0.0 (B[m[39;49m[K
(B[m   75 root       0 -20       0      0      0 I  0.0  0.0 (B[m[39;49m[K
(B[m   76 root       0 -20       0      0      0 I  0.0  0.0 (B[m[39;49m[K
(B[m   77 root       0 -20       0      0      0 I  0.0  0.0 (B[m[39;49m[K
(B[m   78 root       0 -20       0      0      0 I  0.0  0.0 (B[m[39;49m[K
(B[m   79 root      rt   0       0      0      0 S  0.0  0.0 (B[m[39;49m[K[?1l>[41;1H
[?12l[?25h[K