[?1h=[?25l[H[2J(B[mtop - 00:34:55 up 7 min,  1 user,  load average: 0.00, 0.03, 0.01(B[m[39;49m(B[m[39;49m[K
Tasks:(B[m[39;49m[1m  92 (B[m[39;49mtotal,(B[m[39;49m[1m   1 (B[m[39;49mrunning,(B[m[39;49m[1m  53 (B[m[39;49msleeping,(B[m[39;49m[1m   0 (B[m[39;49mstopped,(B[m[39;49m[1m   0 (B[m[39;49mzombie(B[m[39;49m(B[m[39;49m[K
%Cpu(s):(B[m[39;49m[1m  2.6 (B[m[39;49mus,(B[m[39;49m[1m  1.7 (B[m[39;49msy,(B[m[39;49m[1m  1.1 (B[m[39;49mni,(B[m[39;49m[1m 92.7 (B[m[39;49mid,(B[m[39;49m[1m  0.3 (B[m[39;49mwa,(B[m[39;49m[1m  0.0 (B[m[39;49mhi,(B[m[39;49m[1m  0.0 (B[m[39;49msi,(B[m[39;49m[1m  1.5 (B[m[39;49mst(B[m[39;49m(B[m[39;49m[K
KiB Mem :(B[m[39;49m[1m  1002108 (B[m[39;49mtotal,(B[m[39;49m[1m   335484 (B[m[39;49mfree,(B[m[39;49m[1m   125564 (B[m[39;49mused,(B[m[39;49m[1m   541060 (B[m[39;49mbuff/cache(B[m[39;49m(B[m[39;49m[K
KiB Swap:(B[m[39;49m[1m        0 (B[m[39;49mtotal,(B[m[39;49m[1m        0 (B[m[39;49mfree,(B[m[39;49m[1m        0 (B[m[39;49mused.(B[m[39;49m[1m   731080 (B[m[39;49mavail Mem (B[m[39;49m(B[m[39;49m[K
[K
[7m  PID USER      PR  NI    VIRT    RES    SHR S %CPU %MEM     TIME+ COMMAND                                                                                   (B[m[39;49m[K
(B[m    1 root      20   0  159700   8864   6664 S  0.0  0.9   0:02.56 systemd                                                                                   (B[m[39;49m[K
(B[m    2 root      20   0       0      0      0 S  0.0  0.0   0:00.00 kthreadd                                                                                  (B[m[39;49m[K
(B[m    3 root       0 -20       0      0      0 I  0.0  0.0   0:00.00 rcu_gp                                                                                    (B[m[39;49m[K
(B[m    4 root       0 -20       0      0      0 I  0.0  0.0   0:00.00 rcu_par_gp                                                                                (B[m[39;49m[K
(B[m    6 root       0 -20       0      0      0 I  0.0  0.0   0:00.00 kworker/0:0H-kb                                                                           (B[m[39;49m[K
(B[m    8 root      20   0       0      0      0 I  0.0  0.0   0:00.00 kworker/u30:0-e                                                                           (B[m[39;49m[K
(B[m    9 root       0 -20       0      0      0 I  0.0  0.0   0:00.00 mm_percpu_wq                                                                              (B[m[39;49m[K
(B[m   10 root      20   0       0      0      0 S  0.0  0.0   0:00.05 ksoftirqd/0                                                                               (B[m[39;49m[K
(B[m   11 root      20   0       0      0      0 I  0.0  0.0   0:00.45 rcu_sched                                                                                 (B[m[39;49m[K
(B[m   12 root      rt   0       0      0      0 S  0.0  0.0   0:00.00 migration/0                                                                               (B[m[39;49m[K
(B[m   13 root      20   0       0      0      0 S  0.0  0.0   0:00.00 cpuhp/0                                                                                   (B[m[39;49m[K
(B[m   14 root      20   0       0      0      0 S  0.0  0.0   0:00.00 kdevtmpfs                                                                                 (B[m[39;49m[K
(B[m   15 root       0 -20       0      0      0 I  0.0  0.0   0:00.00 netns                                                                                     (B[m[39;49m[K
(B[m   16 root      20   0       0      0      0 S  0.0  0.0   0:00.00 rcu_tasks_kthre                                                                           (B[m[39;49m[K
(B[m   17 root      20   0       0      0      0 S  0.0  0.0   0:00.00 kauditd                                                                                   (B[m[39;49m[K
(B[m   18 root      20   0       0      0      0 S  0.0  0.0   0:00.00 xenbus                                                                                    (B[m[39;49m[K
(B[m   19 root      20   0       0      0      0 S  0.0  0.0   0:00.01 xenwatch                                                                                  (B[m[39;49m[K
(B[m   20 root      20   0       0      0      0 S  0.0  0.0   0:00.00 khungtaskd                                                                                (B[m[39;49m[K
(B[m   21 root      20   0       0      0      0 S  0.0  0.0   0:00.00 oom_reaper                                                                                (B[m[39;49m[K
(B[m   22 root       0 -20       0      0      0 I  0.0  0.0   0:00.00 writeback                                                                                 (B[m[39;49m[K
(B[m   23 root      20   0       0      0      0 S  0.0  0.0   0:00.00 kcompactd0                                                                                (B[m[39;49m[K
(B[m   24 root      25   5       0      0      0 S  0.0  0.0   0:00.00 ksmd                                                                                      (B[m[39;49m[K
(B[m   25 root      39  19       0      0      0 S  0.0  0.0   0:00.00 khugepaged                                                                                (B[m[39;49m[K
(B[m   71 root       0 -20       0      0      0 I  0.0  0.0   0:00.00 kintegrityd                                                                               (B[m[39;49m[K
(B[m   72 root       0 -20       0      0      0 I  0.0  0.0   0:00.00 kblockd                                                                                   (B[m[39;49m[K
(B[m   73 root       0 -20       0      0      0 I  0.0  0.0   0:00.00 blkcg_punt_bio                                                                            (B[m[39;49m[K
(B[m   74 root       0 -20       0      0      0 I  0.0  0.0   0:00.00 tpm_dev_wq                                                                                (B[m[39;49m[K
(B[m   75 root       0 -20       0      0      0 I  0.0  0.0   0:00.00 ata_sff                                                                                   (B[m[39;49m[K
(B[m   76 root       0 -20       0      0      0 I  0.0  0.0   0:00.00 md                                                                                        (B[m[39;49m[K
(B[m   77 root       0 -20       0      0      0 I  0.0  0.0   0:00.00 edac-poller                                                                               (B[m[39;49m[K
(B[m   78 root       0 -20       0      0      0 I  0.0  0.0   0:00.00 devfreq_wq                                                                                (B[m[39;49m[K
(B[m   79 root      rt   0       0      0      0 S  0.0  0.0   0:00.00 watchdogd                                                                                 (B[m[39;49m[K
(B[m   80 root      20   0       0      0      0 I  0.0  0.0   0:00.03 kworker/u30:1-e                                                                           (B[m[39;49m[K
(B[m   82 root      20   0       0      0      0 S  0.0  0.0   0:00.00 kswapd0                                                                                   (B[m[39;49m[K
(B[m   83 root       0 -20       0      0      0 I  0.0  0.0   0:00.00 kworker/u31:0                                                                             (B[m[39;49m[K
(B[m   84 root      20   0       0      0      0 S  0.0  0.0   0:00.00 ecryptfs-kthrea                                                                           (B[m[39;49m[K
(B[m   86 root       0 -20       0      0      0 I  0.0  0.0   0:00.00 kthrotld                                                                                  (B[m[39;49m[K
(B[m   87 root       0 -20       0      0      0 I  0.0  0.0   0:00.00 nvme-wq                                                                                   (B[m[39;49m[K
(B[m   88 root       0 -20       0      0      0 I  0.0  0.0   0:00.00 nvme-reset-wq                                                                             (B[m[39;49m[K
(B[m   89 root       0 -20       0      0      0 I  0.0  0.0   0:00.00 nvme-delete-wq                                                                            (B[m[39;49m[K
(B[m   90 root      20   0       0      0      0 S  0.0  0.0   0:00.00 scsi_eh_0                                                                                 (B[m[39;49m[K
(B[m   91 root       0 -20       0      0      0 I  0.0  0.0   0:00.00 scsi_tmf_0                                                                                (B[m[39;49m[K
(B[m   92 root      20   0       0      0      0 S  0.0  0.0   0:00.00 scsi_eh_1                                                                                 (B[m[39;49m[K
(B[m   93 root       0 -20       0      0      0 I  0.0  0.0   0:00.00 scsi_tmf_1                                                                                (B[m[39;49m[K
(B[m   95 root       0 -20       0      0      0 I  0.0  0.0   0:00.00 ipv6_addrconf                                                                             (B[m[39;49m[K
(B[m  102 root       0 -20       0      0      0 I  0.0  0.0   0:00.02 kworker/0:1H-kb                                                                           (B[m[39;49m[K
(B[m  105 root       0 -20       0      0      0 I  0.0  0.0   0:00.00 kstrp                                                                                     (B[m[39;49m[K
(B[m  178 root       0 -20       0      0      0 I  0.0  0.0   0:00.00 cryptd                                                                                    (B[m[39;49m[K
(B[m  273 root       0 -20       0      0      0 I  0.0  0.0   0:00.00 raid5wq                                                                                   (B[m[39;49m[K
(B[m  322 root      20   0       0      0      0 S  0.0  0.0   0:00.00 jbd2/xvda1-8                                                                              (B[m[39;49m[K
(B[m  323 root       0 -20       0      0      0 I  0.0  0.0   0:00.00 ext4-rsv-conver                                                                           (B[m[39;49m[K
(B[m  411 root       0 -20       0      0      0 I  0.0  0.0   0:00.00 iscsi_eh                                                                                  (B[m[39;49m[K
(B[m  417 root      19  -1  127640  33396  32708 S  0.0  3.3   0:00.29 systemd-journal                                                                           (B[m[39;49m[K
(B[m  425 root      20   0       0      0      0 I  0.0  0.0   0:00.07 kworker/0:2-mm_                                                                           (B[m[39;49m[K
(B[m  428 root      20   0   97704   1728   1552 S  0.0  0.2   0:00.00 lvmetad                                                                                   (B[m[39;49m[K
(B[m  432 root       0 -20       0      0      0 I  0.0  0.0   0:00.00 ib-comp-wq                                                                                (B[m[39;49m[K
(B[m  433 root       0 -20       0      0      0 I  0.0  0.0   0:00.00 ib-comp-unb-wq                                                                            (B[m[39;49m[K
(B[m  434 root       0 -20       0      0      0 I  0.0  0.0   0:00.00 ib_mcast                                                                                  (B[m[39;49m[K
(B[m  435 root       0 -20       0      0      0 I  0.0  0.0   0:00.00 ib_nl_sa_wq                                                                               (B[m[39;49m[K
(B[m  437 root      20   0   43284   4420   3232 S  0.0  0.4   0:00.31 systemd-udevd                                                                             (B[m[39;49m[K
(B[m  438 root       0 -20       0      0      0 I  0.0  0.0   0:00.00 rdma_cm                                                                                   (B[m[39;49m[K
(B[m  441 root      20   0       0      0      0 I  0.0  0.0   0:00.02 kworker/0:3-cgr                                                                           (B[m[39;49m[K
(B[m  512 root       0 -20       0      0      0 S  0.0  0.0   0:00.00 loop0                                                                                     (B[m[39;49m[K
(B[m  517 root       0 -20       0      0      0 S  0.0  0.0   0:00.02 loop1                                                                                     (B[m[39;49m[K
(B[m  520 root       0 -20       0      0      0 S  0.0  0.0   0:00.00 loop2                                                                                     (B[m[39;49m[K
(B[m  525 root       0 -20       0      0      0 S  0.0  0.0   0:00.00 loop3                                                                                     (B[m[39;49m[K
(B[m  527 systemd+  20   0  141952   3392   2864 S  0.0  0.3   0:00.02 systemd-timesyn                                                                           (B[m[39;49m[K
(B[m  688 systemd+  20   0   80076   5452   4848 S  0.0  0.5   0:00.01 systemd-network                                                                           (B[m[39;49m[K
(B[m  699 systemd+  20   0   70656   5440   4880 S  0.0  0.5   0:00.02 systemd-resolve                                                                           (B[m[39;49m[K[?1l>[77;1H
[?12l[?25h[K