[?1h=[?25l[H[2J(B[mtop - 01:41:26 up 49 days, 10:56,  1 user,  load average: 0.00, 0.00, 0.00(B[m[39;49m(B[m[39;49m[K
Tasks:(B[m[39;49m[1m  94 (B[m[39;49mtotal,(B[m[39;49m[1m   1 (B[m[39;49mrunning,(B[m[39;49m[1m  53 (B[m[39;49msleeping,(B[m[39;49m[1m   0 (B[m[39;49mstopped,(B[m[39;49m[1m   0 (B[m[39;49mzombie(B[m[39;49m(B[m[39;49m[K
%Cpu(s):(B[m[39;49m[1m  0.0 (B[m[39;49mus,(B[m[39;49m[1m  0.0 (B[m[39;49msy,(B[m[39;49m[1m  0.0 (B[m[39;49mni,(B[m[39;49m[1m100.0 (B[m[39;49mid,(B[m[39;49m[1m  0.0 (B[m[39;49mwa,(B[m[39;49m[1m  0.0 (B[m[39;49mhi,(B[m[39;49m[1m  0.0 (B[m[39;49msi,(B[m[39;49m[1m  0.0 (B[m[39;49mst(B[m[39;49m(B[m[39;49m[K
KiB Mem :(B[m[39;49m[1m  1002304 (B[m[39;49mtotal,(B[m[39;49m[1m   157468 (B[m[39;49mfree,(B[m[39;49m[1m   148092 (B[m[39;49mused,(B[m[39;49m[1m   696744 (B[m[39;49mbuff/cache(B[m[39;49m(B[m[39;49m[K
KiB Swap:(B[m[39;49m[1m        0 (B[m[39;49mtotal,(B[m[39;49m[1m        0 (B[m[39;49mfree,(B[m[39;49m[1m        0 (B[m[39;49mused.(B[m[39;49m[1m   669724 (B[m[39;49mavail Mem (B[m[39;49m(B[m[39;49m[K
[K
[7m  PID USER      PR  NI    VIRT    RES    SHR S %CPU %MEM     TIME+ COMMAND                                           (B[m[39;49m[K
(B[m    1 root      20   0  159908   7500   5032 S  0.0  0.7   0:30.33 systemd                                           (B[m[39;49m[K
(B[m    2 root      20   0       0      0      0 S  0.0  0.0   0:00.05 kthreadd                                          (B[m[39;49m[K
(B[m    3 root       0 -20       0      0      0 I  0.0  0.0   0:00.00 rcu_gp                                            (B[m[39;49m[K
(B[m    4 root       0 -20       0      0      0 I  0.0  0.0   0:00.00 rcu_par_gp                                        (B[m[39;49m[K
(B[m    6 root       0 -20       0      0      0 I  0.0  0.0   0:00.00 kworker/0:0H-kb                                   (B[m[39;49m[K
(B[m    9 root       0 -20       0      0      0 I  0.0  0.0   0:00.00 mm_percpu_wq                                      (B[m[39;49m[K
(B[m   10 root      20   0       0      0      0 S  0.0  0.0   0:04.60 ksoftirqd/0                                       (B[m[39;49m[K
(B[m   11 root      20   0       0      0      0 I  0.0  0.0   0:07.96 rcu_sched                                         (B[m[39;49m[K
(B[m   12 root      rt   0       0      0      0 S  0.0  0.0   0:25.26 migration/0                                       (B[m[39;49m[K
(B[m   13 root      20   0       0      0      0 S  0.0  0.0   0:00.00 cpuhp/0                                           (B[m[39;49m[K
(B[m   14 root      20   0       0      0      0 S  0.0  0.0   0:00.00 kdevtmpfs                                         (B[m[39;49m[K
(B[m   15 root       0 -20       0      0      0 I  0.0  0.0   0:00.00 netns                                             (B[m[39;49m[K
(B[m   16 root      20   0       0      0      0 S  0.0  0.0   0:00.00 rcu_tasks_kthre                                   (B[m[39;49m[K
(B[m   17 root      20   0       0      0      0 S  0.0  0.0   0:00.00 kauditd                                           (B[m[39;49m[K
(B[m   18 root      20   0       0      0      0 S  0.0  0.0   0:00.00 xenbus                                            (B[m[39;49m[K
(B[m   19 root      20   0       0      0      0 S  0.0  0.0   0:00.00 xenwatch                                          (B[m[39;49m[K
(B[m   20 root      20   0       0      0      0 S  0.0  0.0   0:01.16 khungtaskd                                        (B[m[39;49m[K
(B[m   21 root      20   0       0      0      0 S  0.0  0.0   0:00.00 oom_reaper                                        (B[m[39;49m[K
(B[m   22 root       0 -20       0      0      0 I  0.0  0.0   0:00.00 writeback                                         (B[m[39;49m[K
(B[m   23 root      20   0       0      0      0 S  0.0  0.0   0:00.07 kcompactd0                                        (B[m[39;49m[K
(B[m   24 root      25   5       0      0      0 S  0.0  0.0   0:00.00 ksmd                                              (B[m[39;49m[K
(B[m   25 root      39  19       0      0      0 S  0.0  0.0   0:08.43 khugepaged                                        (B[m[39;49m[K
(B[m  117 root       0 -20       0      0      0 I  0.0  0.0   0:00.00 kintegrityd                                       (B[m[39;49m[K
(B[m  118 root       0 -20       0      0      0 I  0.0  0.0   0:00.00 kblockd                                           (B[m[39;49m[K
(B[m  119 root       0 -20       0      0      0 I  0.0  0.0   0:00.00 blkcg_punt_bio                                    (B[m[39;49m[K
(B[m  120 root       0 -20       0      0      0 I  0.0  0.0   0:00.00 tpm_dev_wq                                        (B[m[39;49m[K
(B[m  121 root       0 -20       0      0      0 I  0.0  0.0   0:00.00 ata_sff                                           (B[m[39;49m[K
(B[m  122 root       0 -20       0      0      0 I  0.0  0.0   0:00.00 md                                                (B[m[39;49m[K
(B[m  123 root       0 -20       0      0      0 I  0.0  0.0   0:00.00 edac-poller                                       (B[m[39;49m[K
(B[m  124 root       0 -20       0      0      0 I  0.0  0.0   0:00.00 devfreq_wq                                        (B[m[39;49m[K
(B[m  125 root      rt   0       0      0      0 S  0.0  0.0   0:00.00 watchdogd                                         (B[m[39;49m[K
(B[m  128 root      20   0       0      0      0 S  0.0  0.0   0:01.72 kswapd0                                           (B[m[39;49m[K
(B[m  129 root       0 -20       0      0      0 I  0.0  0.0   0:00.00 kworker/u31:0                                     (B[m[39;49m[K
(B[m  130 root      20   0       0      0      0 S  0.0  0.0   0:00.00 ecryptfs-kthrea                                   (B[m[39;49m[K
(B[m  133 root       0 -20       0      0      0 I  0.0  0.0   0:00.00 kthrotld                                          (B[m[39;49m[K
(B[m  134 root       0 -20       0      0      0 I  0.0  0.0   0:00.00 nvme-wq                                           (B[m[39;49m[K
(B[m  135 root       0 -20       0      0      0 I  0.0  0.0   0:00.00 nvme-reset-wq                                     (B[m[39;49m[K
(B[m  136 root       0 -20       0      0      0 I  0.0  0.0   0:00.00 nvme-delete-wq                                    (B[m[39;49m[K
(B[m  137 root      20   0       0      0      0 S  0.0  0.0   0:00.00 scsi_eh_0                                         (B[m[39;49m[K
(B[m  138 root       0 -20       0      0      0 I  0.0  0.0   0:00.00 scsi_tmf_0                                        (B[m[39;49m[K
(B[m  139 root      20   0       0      0      0 S  0.0  0.0   0:00.00 scsi_eh_1                                         (B[m[39;49m[K
(B[m  140 root       0 -20       0      0      0 I  0.0  0.0   0:00.00 scsi_tmf_1                                        (B[m[39;49m[K
(B[m  142 root       0 -20       0      0      0 I  0.0  0.0   0:00.00 ipv6_addrconf                                     (B[m[39;49m[K
(B[m  150 root       0 -20       0      0      0 I  0.0  0.0   0:06.28 kworker/0:1H-kb                                   (B[m[39;49m[K
(B[m  155 root       0 -20       0      0      0 I  0.0  0.0   0:00.00 kstrp                                             (B[m[39;49m[K
(B[m  235 root       0 -20       0      0      0 I  0.0  0.0   0:00.00 cryptd                                            (B[m[39;49m[K
(B[m  356 root       0 -20       0      0      0 I  0.0  0.0   0:00.00 raid5wq                                           (B[m[39;49m[K
(B[m  406 root      20   0       0      0      0 S  0.0  0.0   0:05.17 jbd2/xvda1-8                                      (B[m[39;49m[K
(B[m  407 root       0 -20       0      0      0 I  0.0  0.0   0:00.00 ext4-rsv-conver                                   (B[m[39;49m[K
(B[m  481 root      19  -1  122476  33252  21276 S  0.0  3.3   0:44.10 systemd-journal                                   (B[m[39;49m[K
(B[m  499 root       0 -20       0      0      0 I  0.0  0.0   0:00.00 iscsi_eh                                          (B[m[39;49m[K
(B[m  506 root      20   0  105900   1276   1088 S  0.0  0.1   0:00.00 lvmetad                                           (B[m[39;49m[K
(B[m  517 root      20   0   43556   4404   2980 S  0.0  0.4   0:08.43 systemd-udevd                                     (B[m[39;49m[K
(B[m  518 root       0 -20       0      0      0 I  0.0  0.0   0:00.00 ib-comp-wq                                        (B[m[39;49m[K
(B[m  520 root       0 -20       0      0      0 I  0.0  0.0   0:00.00 ib-comp-unb-wq                                    (B[m[39;49m[K
(B[m  521 root       0 -20       0      0      0 I  0.0  0.0   0:00.00 ib_mcast                                          (B[m[39;49m[K[?1l>[64;1H
[?12l[?25h[K